<?xml version="1.0" encoding="UTF-8"?>
<testsuite name="com.paxage.TestFoo" tests="1" skipped="0" failures="0" errors="0" timestamp="2023-07-25T23:22:25" hostname="puya310.local" time="0.002">
  <properties/>
  <testcase name="verifyFoo" classname="com.paxage.TestFoo" time="0.002"/>
  <system-out><![CDATA[]]></system-out>
  <system-err><![CDATA[]]></system-err>
</testsuite>
